{"/home/vitor/projeto/Web/digital-transfer/app/frontend/src/components/Footer.jsx": {"path":"/home/vitor/projeto/Web/digital-transfer/app/frontend/src/components/Footer.jsx","statementMap":{"0":{"start":{"line":4,"column":2},"end":{"line":28,"column":4}}},"fnMap":{"0":{"name":"Footer","decl":{"start":{"line":3,"column":16},"end":{"line":3,"column":22}},"loc":{"start":{"line":3,"column":25},"end":{"line":29,"column":1}},"line":3}},"branchMap":{},"s":{"0":6},"f":{"0":6},"b":{},"_coverageSchema":"1a1c01bbd47fc00a2c39e90264f33305004495a9","hash":"e371c24e59d43b59eec3a676ecf86a121fdc8cd2"}
,"/home/vitor/projeto/Web/digital-transfer/app/frontend/src/components/Header.jsx": {"path":"/home/vitor/projeto/Web/digital-transfer/app/frontend/src/components/Header.jsx","statementMap":{"0":{"start":{"line":6,"column":2},"end":{"line":18,"column":4}}},"fnMap":{"0":{"name":"Header","decl":{"start":{"line":5,"column":16},"end":{"line":5,"column":22}},"loc":{"start":{"line":5,"column":25},"end":{"line":19,"column":1}},"line":5}},"branchMap":{},"s":{"0":3},"f":{"0":3},"b":{},"_coverageSchema":"1a1c01bbd47fc00a2c39e90264f33305004495a9","hash":"aea11a73df7dfe9f7b2ab5217b7ed2a8128de115"}
,"/home/vitor/projeto/Web/digital-transfer/app/frontend/src/components/History.jsx": {"path":"/home/vitor/projeto/Web/digital-transfer/app/frontend/src/components/History.jsx","statementMap":{"0":{"start":{"line":10,"column":30},"end":{"line":10,"column":42}},"1":{"start":{"line":11,"column":32},"end":{"line":11,"column":44}},"2":{"start":{"line":12,"column":30},"end":{"line":12,"column":42}},"3":{"start":{"line":13,"column":19},"end":{"line":13,"column":32}},"4":{"start":{"line":15,"column":2},"end":{"line":22,"column":17}},"5":{"start":{"line":16,"column":4},"end":{"line":21,"column":9}},"6":{"start":{"line":17,"column":21},"end":{"line":17,"column":45}},"7":{"start":{"line":18,"column":6},"end":{"line":20,"column":7}},"8":{"start":{"line":19,"column":8},"end":{"line":19,"column":22}},"9":{"start":{"line":24,"column":23},"end":{"line":28,"column":3}},"10":{"start":{"line":25,"column":4},"end":{"line":25,"column":18}},"11":{"start":{"line":26,"column":22},"end":{"line":26,"column":30}},"12":{"start":{"line":27,"column":4},"end":{"line":27,"column":21}},"13":{"start":{"line":30,"column":23},"end":{"line":34,"column":3}},"14":{"start":{"line":31,"column":4},"end":{"line":31,"column":18}},"15":{"start":{"line":32,"column":22},"end":{"line":32,"column":30}},"16":{"start":{"line":33,"column":4},"end":{"line":33,"column":21}},"17":{"start":{"line":36,"column":24},"end":{"line":42,"column":3}},"18":{"start":{"line":37,"column":20},"end":{"line":37,"column":44}},"19":{"start":{"line":38,"column":24},"end":{"line":38,"column":49}},"20":{"start":{"line":39,"column":4},"end":{"line":39,"column":28}},"21":{"start":{"line":40,"column":4},"end":{"line":40,"column":22}},"22":{"start":{"line":41,"column":4},"end":{"line":41,"column":18}},"23":{"start":{"line":44,"column":2},"end":{"line":105,"column":4}},"24":{"start":{"line":66,"column":14},"end":{"line":66,"column":72}},"25":{"start":{"line":87,"column":12},"end":{"line":89,"column":73}},"26":{"start":{"line":91,"column":12},"end":{"line":99,"column":17}}},"fnMap":{"0":{"name":"History","decl":{"start":{"line":9,"column":16},"end":{"line":9,"column":23}},"loc":{"start":{"line":9,"column":26},"end":{"line":106,"column":1}},"line":9},"1":{"name":"(anonymous_1)","decl":{"start":{"line":15,"column":12},"end":{"line":15,"column":13}},"loc":{"start":{"line":15,"column":18},"end":{"line":22,"column":3}},"line":15},"2":{"name":"(anonymous_2)","decl":{"start":{"line":16,"column":5},"end":{"line":16,"column":6}},"loc":{"start":{"line":16,"column":17},"end":{"line":21,"column":5}},"line":16},"3":{"name":"(anonymous_3)","decl":{"start":{"line":24,"column":23},"end":{"line":24,"column":24}},"loc":{"start":{"line":24,"column":30},"end":{"line":28,"column":3}},"line":24},"4":{"name":"(anonymous_4)","decl":{"start":{"line":30,"column":23},"end":{"line":30,"column":24}},"loc":{"start":{"line":30,"column":30},"end":{"line":34,"column":3}},"line":30},"5":{"name":"(anonymous_5)","decl":{"start":{"line":36,"column":24},"end":{"line":36,"column":25}},"loc":{"start":{"line":36,"column":36},"end":{"line":42,"column":3}},"line":36},"6":{"name":"(anonymous_6)","decl":{"start":{"line":65,"column":27},"end":{"line":65,"column":28}},"loc":{"start":{"line":66,"column":14},"end":{"line":66,"column":72}},"line":66},"7":{"name":"(anonymous_7)","decl":{"start":{"line":86,"column":48},"end":{"line":86,"column":49}},"loc":{"start":{"line":86,"column":58},"end":{"line":90,"column":11}},"line":86},"8":{"name":"(anonymous_8)","decl":{"start":{"line":90,"column":17},"end":{"line":90,"column":18}},"loc":{"start":{"line":91,"column":12},"end":{"line":99,"column":17}},"line":91}},"branchMap":{"0":{"loc":{"start":{"line":18,"column":6},"end":{"line":20,"column":7}},"type":"if","locations":[{"start":{"line":18,"column":6},"end":{"line":20,"column":7}},{"start":{},"end":{}}],"line":18},"1":{"loc":{"start":{"line":86,"column":11},"end":{"line":100,"column":12}},"type":"binary-expr","locations":[{"start":{"line":86,"column":11},"end":{"line":86,"column":29}},{"start":{"line":86,"column":33},"end":{"line":100,"column":12}}],"line":86},"2":{"loc":{"start":{"line":87,"column":19},"end":{"line":89,"column":72}},"type":"cond-expr","locations":[{"start":{"line":88,"column":16},"end":{"line":88,"column":20}},{"start":{"line":89,"column":16},"end":{"line":89,"column":72}}],"line":87},"3":{"loc":{"start":{"line":89,"column":16},"end":{"line":89,"column":72}},"type":"binary-expr","locations":[{"start":{"line":89,"column":16},"end":{"line":89,"column":42}},{"start":{"line":89,"column":46},"end":{"line":89,"column":72}}],"line":89}},"s":{"0":5,"1":5,"2":5,"3":5,"4":5,"5":5,"6":5,"7":0,"8":0,"9":5,"10":0,"11":0,"12":0,"13":5,"14":0,"15":0,"16":0,"17":5,"18":0,"19":0,"20":0,"21":0,"22":0,"23":5,"24":15,"25":0,"26":0},"f":{"0":5,"1":5,"2":5,"3":0,"4":0,"5":0,"6":15,"7":0,"8":0},"b":{"0":[0,0],"1":[5,0],"2":[0,0],"3":[0,0]},"_coverageSchema":"1a1c01bbd47fc00a2c39e90264f33305004495a9","hash":"4f8a680fde5134af95bde62060079a02b39a27ba"}
,"/home/vitor/projeto/Web/digital-transfer/app/frontend/src/components/SignInUp.jsx": {"path":"/home/vitor/projeto/Web/digital-transfer/app/frontend/src/components/SignInUp.jsx","statementMap":{"0":{"start":{"line":14,"column":2},"end":{"line":87,"column":4}},"1":{"start":{"line":70,"column":29},"end":{"line":70,"column":50}},"2":{"start":{"line":79,"column":29},"end":{"line":79,"column":50}}},"fnMap":{"0":{"name":"SignInUp","decl":{"start":{"line":4,"column":16},"end":{"line":4,"column":24}},"loc":{"start":{"line":12,"column":5},"end":{"line":88,"column":1}},"line":12},"1":{"name":"(anonymous_1)","decl":{"start":{"line":70,"column":23},"end":{"line":70,"column":24}},"loc":{"start":{"line":70,"column":29},"end":{"line":70,"column":50}},"line":70},"2":{"name":"(anonymous_2)","decl":{"start":{"line":79,"column":23},"end":{"line":79,"column":24}},"loc":{"start":{"line":79,"column":29},"end":{"line":79,"column":50}},"line":79}},"branchMap":{"0":{"loc":{"start":{"line":24,"column":11},"end":{"line":24,"column":56}},"type":"cond-expr","locations":[{"start":{"line":24,"column":36},"end":{"line":24,"column":43}},{"start":{"line":24,"column":46},"end":{"line":24,"column":56}}],"line":24},"1":{"loc":{"start":{"line":28,"column":12},"end":{"line":39,"column":18}},"type":"binary-expr","locations":[{"start":{"line":28,"column":12},"end":{"line":28,"column":34}},{"start":{"line":29,"column":15},"end":{"line":39,"column":18}}],"line":28},"2":{"loc":{"start":{"line":36,"column":29},"end":{"line":36,"column":116}},"type":"cond-expr","locations":[{"start":{"line":36,"column":54},"end":{"line":36,"column":83}},{"start":{"line":36,"column":86},"end":{"line":36,"column":116}}],"line":36},"3":{"loc":{"start":{"line":48,"column":27},"end":{"line":48,"column":94}},"type":"cond-expr","locations":[{"start":{"line":48,"column":52},"end":{"line":48,"column":71}},{"start":{"line":48,"column":74},"end":{"line":48,"column":94}}],"line":48},"4":{"loc":{"start":{"line":60,"column":21},"end":{"line":60,"column":73}},"type":"cond-expr","locations":[{"start":{"line":60,"column":46},"end":{"line":60,"column":58}},{"start":{"line":60,"column":61},"end":{"line":60,"column":73}}],"line":60},"5":{"loc":{"start":{"line":62,"column":13},"end":{"line":62,"column":60}},"type":"cond-expr","locations":[{"start":{"line":62,"column":38},"end":{"line":62,"column":46}},{"start":{"line":62,"column":49},"end":{"line":62,"column":60}}],"line":62},"6":{"loc":{"start":{"line":65,"column":9},"end":{"line":83,"column":16}},"type":"cond-expr","locations":[{"start":{"line":66,"column":12},"end":{"line":74,"column":16}},{"start":{"line":75,"column":12},"end":{"line":83,"column":16}}],"line":65},"7":{"loc":{"start":{"line":72,"column":15},"end":{"line":72,"column":75}},"type":"binary-expr","locations":[{"start":{"line":72,"column":15},"end":{"line":72,"column":37}},{"start":{"line":72,"column":41},"end":{"line":72,"column":75}}],"line":72},"8":{"loc":{"start":{"line":81,"column":15},"end":{"line":81,"column":59}},"type":"binary-expr","locations":[{"start":{"line":81,"column":15},"end":{"line":81,"column":37}},{"start":{"line":81,"column":41},"end":{"line":81,"column":59}}],"line":81}},"s":{"0":19,"1":5,"2":1},"f":{"0":19,"1":5,"2":1},"b":{"0":[12,7],"1":[19,7],"2":[0,7],"3":[12,7],"4":[12,7],"5":[12,7],"6":[12,7],"7":[12,12],"8":[7,7]},"_coverageSchema":"1a1c01bbd47fc00a2c39e90264f33305004495a9","hash":"2cf2b5265266cd941d537be27ab8ffa43862af63"}
,"/home/vitor/projeto/Web/digital-transfer/app/frontend/src/components/Transactions.jsx": {"path":"/home/vitor/projeto/Web/digital-transfer/app/frontend/src/components/Transactions.jsx","statementMap":{"0":{"start":{"line":9,"column":48},"end":{"line":9,"column":73}},"1":{"start":{"line":10,"column":46},"end":{"line":10,"column":71}},"2":{"start":{"line":11,"column":40},"end":{"line":14,"column":4}},"3":{"start":{"line":15,"column":19},"end":{"line":15,"column":32}},"4":{"start":{"line":17,"column":2},"end":{"line":24,"column":20}},"5":{"start":{"line":18,"column":4},"end":{"line":23,"column":9}},"6":{"start":{"line":19,"column":21},"end":{"line":19,"column":45}},"7":{"start":{"line":20,"column":6},"end":{"line":22,"column":7}},"8":{"start":{"line":21,"column":8},"end":{"line":21,"column":26}},"9":{"start":{"line":26,"column":23},"end":{"line":32,"column":3}},"10":{"start":{"line":27,"column":28},"end":{"line":27,"column":40}},"11":{"start":{"line":28,"column":4},"end":{"line":31,"column":8}},"12":{"start":{"line":28,"column":35},"end":{"line":31,"column":5}},"13":{"start":{"line":34,"column":19},"end":{"line":48,"column":3}},"14":{"start":{"line":35,"column":4},"end":{"line":43,"column":5}},"15":{"start":{"line":36,"column":27},"end":{"line":36,"column":49}},"16":{"start":{"line":37,"column":23},"end":{"line":37,"column":57}},"17":{"start":{"line":38,"column":6},"end":{"line":38,"column":68}},"18":{"start":{"line":39,"column":6},"end":{"line":39,"column":52}},"19":{"start":{"line":40,"column":6},"end":{"line":40,"column":41}},"20":{"start":{"line":42,"column":6},"end":{"line":42,"column":63}},"21":{"start":{"line":44,"column":4},"end":{"line":47,"column":7}},"22":{"start":{"line":50,"column":18},"end":{"line":61,"column":3}},"23":{"start":{"line":51,"column":4},"end":{"line":51,"column":32}},"24":{"start":{"line":52,"column":4},"end":{"line":60,"column":5}},"25":{"start":{"line":53,"column":27},"end":{"line":53,"column":49}},"26":{"start":{"line":54,"column":6},"end":{"line":54,"column":57}},"27":{"start":{"line":55,"column":6},"end":{"line":55,"column":47}},"28":{"start":{"line":56,"column":6},"end":{"line":56,"column":36}},"29":{"start":{"line":57,"column":6},"end":{"line":57,"column":41}},"30":{"start":{"line":59,"column":6},"end":{"line":59,"column":63}},"31":{"start":{"line":63,"column":28},"end":{"line":65,"column":3}},"32":{"start":{"line":64,"column":4},"end":{"line":64,"column":30}},"33":{"start":{"line":67,"column":2},"end":{"line":118,"column":4}},"34":{"start":{"line":73,"column":25},"end":{"line":73,"column":59}},"35":{"start":{"line":80,"column":25},"end":{"line":80,"column":55}}},"fnMap":{"0":{"name":"Transactions","decl":{"start":{"line":8,"column":16},"end":{"line":8,"column":28}},"loc":{"start":{"line":8,"column":31},"end":{"line":119,"column":1}},"line":8},"1":{"name":"(anonymous_1)","decl":{"start":{"line":17,"column":12},"end":{"line":17,"column":13}},"loc":{"start":{"line":17,"column":18},"end":{"line":24,"column":3}},"line":17},"2":{"name":"(anonymous_2)","decl":{"start":{"line":18,"column":5},"end":{"line":18,"column":6}},"loc":{"start":{"line":18,"column":17},"end":{"line":23,"column":5}},"line":18},"3":{"name":"(anonymous_3)","decl":{"start":{"line":26,"column":23},"end":{"line":26,"column":24}},"loc":{"start":{"line":26,"column":34},"end":{"line":32,"column":3}},"line":26},"4":{"name":"(anonymous_4)","decl":{"start":{"line":28,"column":19},"end":{"line":28,"column":20}},"loc":{"start":{"line":28,"column":35},"end":{"line":31,"column":5}},"line":28},"5":{"name":"(anonymous_5)","decl":{"start":{"line":34,"column":19},"end":{"line":34,"column":20}},"loc":{"start":{"line":34,"column":31},"end":{"line":48,"column":3}},"line":34},"6":{"name":"(anonymous_6)","decl":{"start":{"line":50,"column":18},"end":{"line":50,"column":19}},"loc":{"start":{"line":50,"column":30},"end":{"line":61,"column":3}},"line":50},"7":{"name":"(anonymous_7)","decl":{"start":{"line":63,"column":28},"end":{"line":63,"column":29}},"loc":{"start":{"line":63,"column":39},"end":{"line":65,"column":3}},"line":63},"8":{"name":"(anonymous_8)","decl":{"start":{"line":73,"column":19},"end":{"line":73,"column":20}},"loc":{"start":{"line":73,"column":25},"end":{"line":73,"column":59}},"line":73},"9":{"name":"(anonymous_9)","decl":{"start":{"line":80,"column":19},"end":{"line":80,"column":20}},"loc":{"start":{"line":80,"column":25},"end":{"line":80,"column":55}},"line":80}},"branchMap":{"0":{"loc":{"start":{"line":20,"column":6},"end":{"line":22,"column":7}},"type":"if","locations":[{"start":{"line":20,"column":6},"end":{"line":22,"column":7}},{"start":{},"end":{}}],"line":20},"1":{"loc":{"start":{"line":86,"column":9},"end":{"line":95,"column":12}},"type":"binary-expr","locations":[{"start":{"line":86,"column":9},"end":{"line":86,"column":44}},{"start":{"line":87,"column":13},"end":{"line":95,"column":12}}],"line":86},"2":{"loc":{"start":{"line":109,"column":19},"end":{"line":109,"column":75}},"type":"cond-expr","locations":[{"start":{"line":109,"column":57},"end":{"line":109,"column":65}},{"start":{"line":109,"column":68},"end":{"line":109,"column":75}}],"line":109},"3":{"loc":{"start":{"line":111,"column":11},"end":{"line":111,"column":75}},"type":"cond-expr","locations":[{"start":{"line":111,"column":49},"end":{"line":111,"column":61}},{"start":{"line":111,"column":64},"end":{"line":111,"column":75}}],"line":111}},"s":{"0":7,"1":7,"2":7,"3":7,"4":7,"5":7,"6":7,"7":0,"8":0,"9":7,"10":3,"11":3,"12":3,"13":7,"14":0,"15":0,"16":0,"17":0,"18":0,"19":0,"20":0,"21":0,"22":7,"23":0,"24":0,"25":0,"26":0,"27":0,"28":0,"29":0,"30":0,"31":7,"32":0,"33":7,"34":0,"35":0},"f":{"0":7,"1":7,"2":7,"3":3,"4":3,"5":0,"6":0,"7":0,"8":0,"9":0},"b":{"0":[0,0],"1":[7,7],"2":[7,0],"3":[7,0]},"_coverageSchema":"1a1c01bbd47fc00a2c39e90264f33305004495a9","hash":"39282e589eacfadb0b513937695c8bbaa5604c8e"}
,"/home/vitor/projeto/Web/digital-transfer/app/frontend/src/pages/Form.jsx": {"path":"/home/vitor/projeto/Web/digital-transfer/app/frontend/src/pages/Form.jsx","statementMap":{"0":{"start":{"line":9,"column":44},"end":{"line":9,"column":69}},"1":{"start":{"line":10,"column":34},"end":{"line":10,"column":53}},"2":{"start":{"line":11,"column":26},"end":{"line":14,"column":4}},"3":{"start":{"line":15,"column":19},"end":{"line":15,"column":32}},"4":{"start":{"line":17,"column":23},"end":{"line":23,"column":3}},"5":{"start":{"line":18,"column":28},"end":{"line":18,"column":40}},"6":{"start":{"line":19,"column":4},"end":{"line":22,"column":8}},"7":{"start":{"line":19,"column":28},"end":{"line":22,"column":5}},"8":{"start":{"line":25,"column":23},"end":{"line":34,"column":3}},"9":{"start":{"line":26,"column":4},"end":{"line":33,"column":5}},"10":{"start":{"line":27,"column":23},"end":{"line":27,"column":56}},"11":{"start":{"line":28,"column":28},"end":{"line":28,"column":64}},"12":{"start":{"line":29,"column":6},"end":{"line":29,"column":67}},"13":{"start":{"line":30,"column":6},"end":{"line":30,"column":43}},"14":{"start":{"line":32,"column":6},"end":{"line":32,"column":62}},"15":{"start":{"line":36,"column":23},"end":{"line":45,"column":3}},"16":{"start":{"line":37,"column":4},"end":{"line":44,"column":5}},"17":{"start":{"line":38,"column":23},"end":{"line":38,"column":56}},"18":{"start":{"line":39,"column":26},"end":{"line":39,"column":65}},"19":{"start":{"line":40,"column":6},"end":{"line":40,"column":33}},"20":{"start":{"line":41,"column":6},"end":{"line":41,"column":39}},"21":{"start":{"line":43,"column":6},"end":{"line":43,"column":62}},"22":{"start":{"line":47,"column":21},"end":{"line":50,"column":3}},"23":{"start":{"line":48,"column":4},"end":{"line":48,"column":38}},"24":{"start":{"line":49,"column":4},"end":{"line":49,"column":23}},"25":{"start":{"line":52,"column":2},"end":{"line":62,"column":4}}},"fnMap":{"0":{"name":"Form","decl":{"start":{"line":8,"column":16},"end":{"line":8,"column":20}},"loc":{"start":{"line":8,"column":23},"end":{"line":63,"column":1}},"line":8},"1":{"name":"(anonymous_1)","decl":{"start":{"line":17,"column":23},"end":{"line":17,"column":24}},"loc":{"start":{"line":17,"column":34},"end":{"line":23,"column":3}},"line":17},"2":{"name":"(anonymous_2)","decl":{"start":{"line":19,"column":12},"end":{"line":19,"column":13}},"loc":{"start":{"line":19,"column":28},"end":{"line":22,"column":5}},"line":19},"3":{"name":"(anonymous_3)","decl":{"start":{"line":25,"column":23},"end":{"line":25,"column":24}},"loc":{"start":{"line":25,"column":35},"end":{"line":34,"column":3}},"line":25},"4":{"name":"(anonymous_4)","decl":{"start":{"line":36,"column":23},"end":{"line":36,"column":24}},"loc":{"start":{"line":36,"column":35},"end":{"line":45,"column":3}},"line":36},"5":{"name":"(anonymous_5)","decl":{"start":{"line":47,"column":21},"end":{"line":47,"column":22}},"loc":{"start":{"line":47,"column":32},"end":{"line":50,"column":3}},"line":47}},"branchMap":{},"s":{"0":19,"1":19,"2":19,"3":19,"4":19,"5":3,"6":3,"7":3,"8":19,"9":0,"10":0,"11":0,"12":0,"13":0,"14":0,"15":19,"16":0,"17":0,"18":0,"19":0,"20":0,"21":0,"22":19,"23":6,"24":6,"25":19},"f":{"0":19,"1":3,"2":3,"3":0,"4":0,"5":6},"b":{},"_coverageSchema":"1a1c01bbd47fc00a2c39e90264f33305004495a9","hash":"681a3afebf4526acbde4449496aef09b5a1a48ef"}
,"/home/vitor/projeto/Web/digital-transfer/app/frontend/src/pages/Main.jsx": {"path":"/home/vitor/projeto/Web/digital-transfer/app/frontend/src/pages/Main.jsx","statementMap":{"0":{"start":{"line":15,"column":32},"end":{"line":15,"column":43}},"1":{"start":{"line":16,"column":46},"end":{"line":16,"column":61}},"2":{"start":{"line":17,"column":26},"end":{"line":17,"column":38}},"3":{"start":{"line":18,"column":19},"end":{"line":18,"column":32}},"4":{"start":{"line":20,"column":2},"end":{"line":32,"column":23}},"5":{"start":{"line":21,"column":4},"end":{"line":31,"column":9}},"6":{"start":{"line":22,"column":21},"end":{"line":22,"column":45}},"7":{"start":{"line":23,"column":23},"end":{"line":23,"column":29}},"8":{"start":{"line":24,"column":6},"end":{"line":24,"column":20}},"9":{"start":{"line":25,"column":6},"end":{"line":30,"column":7}},"10":{"start":{"line":26,"column":28},"end":{"line":26,"column":54}},"11":{"start":{"line":27,"column":8},"end":{"line":27,"column":61}},"12":{"start":{"line":29,"column":8},"end":{"line":29,"column":26}},"13":{"start":{"line":34,"column":22},"end":{"line":34,"column":62}},"14":{"start":{"line":34,"column":28},"end":{"line":34,"column":62}},"15":{"start":{"line":36,"column":2},"end":{"line":54,"column":4}}},"fnMap":{"0":{"name":"Main","decl":{"start":{"line":14,"column":16},"end":{"line":14,"column":20}},"loc":{"start":{"line":14,"column":23},"end":{"line":55,"column":1}},"line":14},"1":{"name":"(anonymous_1)","decl":{"start":{"line":20,"column":12},"end":{"line":20,"column":13}},"loc":{"start":{"line":20,"column":18},"end":{"line":32,"column":3}},"line":20},"2":{"name":"(anonymous_2)","decl":{"start":{"line":21,"column":5},"end":{"line":21,"column":6}},"loc":{"start":{"line":21,"column":17},"end":{"line":31,"column":5}},"line":21},"3":{"name":"(anonymous_3)","decl":{"start":{"line":34,"column":22},"end":{"line":34,"column":23}},"loc":{"start":{"line":34,"column":28},"end":{"line":34,"column":62}},"line":34}},"branchMap":{"0":{"loc":{"start":{"line":25,"column":6},"end":{"line":30,"column":7}},"type":"if","locations":[{"start":{"line":25,"column":6},"end":{"line":30,"column":7}},{"start":{"line":28,"column":13},"end":{"line":30,"column":7}}],"line":25}},"s":{"0":2,"1":2,"2":2,"3":2,"4":2,"5":2,"6":2,"7":0,"8":0,"9":0,"10":0,"11":0,"12":0,"13":2,"14":0,"15":2},"f":{"0":2,"1":2,"2":2,"3":0},"b":{"0":[0,0]},"_coverageSchema":"1a1c01bbd47fc00a2c39e90264f33305004495a9","hash":"465c6530e579644126530f5327e14cc867f13ce2"}
,"/home/vitor/projeto/Web/digital-transfer/app/frontend/src/tests/RenderWithRouter.jsx": {"path":"/home/vitor/projeto/Web/digital-transfer/app/frontend/src/tests/RenderWithRouter.jsx","statementMap":{"0":{"start":{"line":6,"column":25},"end":{"line":16,"column":1}},"1":{"start":{"line":7,"column":18},"end":{"line":7,"column":73}},"2":{"start":{"line":8,"column":2},"end":{"line":15,"column":4}}},"fnMap":{"0":{"name":"(anonymous_0)","decl":{"start":{"line":6,"column":25},"end":{"line":6,"column":26}},"loc":{"start":{"line":6,"column":64},"end":{"line":16,"column":1}},"line":6}},"branchMap":{"0":{"loc":{"start":{"line":6,"column":37},"end":{"line":6,"column":59}},"type":"default-arg","locations":[{"start":{"line":6,"column":54},"end":{"line":6,"column":59}}],"line":6}},"s":{"0":6,"1":22,"2":22},"f":{"0":22},"b":{"0":[22]},"_coverageSchema":"1a1c01bbd47fc00a2c39e90264f33305004495a9","hash":"25e4e920f66439ae2ba8de64fbc2455c63368896"}
,"/home/vitor/projeto/Web/digital-transfer/app/frontend/src/tests/jest.config.js": {"path":"/home/vitor/projeto/Web/digital-transfer/app/frontend/src/tests/jest.config.js","statementMap":{},"fnMap":{},"branchMap":{},"s":{},"f":{},"b":{}}
}
