TN:
SF:src/components/Footer.jsx
FN:3,Footer
FNF:1
FNH:1
FNDA:6,Footer
DA:4,6
LF:1
LH:1
BRF:0
BRH:0
end_of_record
TN:
SF:src/components/Header.jsx
FN:5,Header
FNF:1
FNH:1
FNDA:3,Header
DA:6,3
LF:1
LH:1
BRF:0
BRH:0
end_of_record
TN:
SF:src/components/History.jsx
FN:9,History
FN:15,(anonymous_1)
FN:16,(anonymous_2)
FN:24,(anonymous_3)
FN:30,(anonymous_4)
FN:36,(anonymous_5)
FN:65,(anonymous_6)
FN:86,(anonymous_7)
FN:90,(anonymous_8)
FNF:9
FNH:4
FNDA:5,History
FNDA:5,(anonymous_1)
FNDA:5,(anonymous_2)
FNDA:0,(anonymous_3)
FNDA:0,(anonymous_4)
FNDA:0,(anonymous_5)
FNDA:15,(anonymous_6)
FNDA:0,(anonymous_7)
FNDA:0,(anonymous_8)
DA:10,5
DA:11,5
DA:12,5
DA:13,5
DA:15,5
DA:16,5
DA:17,5
DA:18,0
DA:19,0
DA:24,5
DA:25,0
DA:26,0
DA:27,0
DA:30,5
DA:31,0
DA:32,0
DA:33,0
DA:36,5
DA:37,0
DA:38,0
DA:39,0
DA:40,0
DA:41,0
DA:44,5
DA:66,15
DA:87,0
DA:91,0
LF:27
LH:12
BRDA:18,0,0,0
BRDA:18,0,1,0
BRDA:86,1,0,5
BRDA:86,1,1,0
BRDA:87,2,0,0
BRDA:87,2,1,0
BRDA:89,3,0,0
BRDA:89,3,1,0
BRF:8
BRH:1
end_of_record
TN:
SF:src/components/SignInUp.jsx
FN:4,SignInUp
FN:70,(anonymous_1)
FN:79,(anonymous_2)
FNF:3
FNH:3
FNDA:19,SignInUp
FNDA:5,(anonymous_1)
FNDA:1,(anonymous_2)
DA:14,19
DA:70,5
DA:79,1
LF:3
LH:3
BRDA:24,0,0,12
BRDA:24,0,1,7
BRDA:28,1,0,19
BRDA:28,1,1,7
BRDA:36,2,0,0
BRDA:36,2,1,7
BRDA:48,3,0,12
BRDA:48,3,1,7
BRDA:60,4,0,12
BRDA:60,4,1,7
BRDA:62,5,0,12
BRDA:62,5,1,7
BRDA:65,6,0,12
BRDA:65,6,1,7
BRDA:72,7,0,12
BRDA:72,7,1,12
BRDA:81,8,0,7
BRDA:81,8,1,7
BRF:18
BRH:17
end_of_record
TN:
SF:src/components/Transactions.jsx
FN:8,Transactions
FN:17,(anonymous_1)
FN:18,(anonymous_2)
FN:26,(anonymous_3)
FN:28,(anonymous_4)
FN:34,(anonymous_5)
FN:50,(anonymous_6)
FN:63,(anonymous_7)
FN:73,(anonymous_8)
FN:80,(anonymous_9)
FNF:10
FNH:5
FNDA:7,Transactions
FNDA:7,(anonymous_1)
FNDA:7,(anonymous_2)
FNDA:3,(anonymous_3)
FNDA:3,(anonymous_4)
FNDA:0,(anonymous_5)
FNDA:0,(anonymous_6)
FNDA:0,(anonymous_7)
FNDA:0,(anonymous_8)
FNDA:0,(anonymous_9)
DA:9,7
DA:10,7
DA:11,7
DA:15,7
DA:17,7
DA:18,7
DA:19,7
DA:20,0
DA:21,0
DA:26,7
DA:27,3
DA:28,3
DA:34,7
DA:35,0
DA:36,0
DA:37,0
DA:38,0
DA:39,0
DA:40,0
DA:42,0
DA:44,0
DA:50,7
DA:51,0
DA:52,0
DA:53,0
DA:54,0
DA:55,0
DA:56,0
DA:57,0
DA:59,0
DA:63,7
DA:64,0
DA:67,7
DA:73,0
DA:80,0
LF:35
LH:14
BRDA:20,0,0,0
BRDA:20,0,1,0
BRDA:86,1,0,7
BRDA:86,1,1,7
BRDA:109,2,0,7
BRDA:109,2,1,0
BRDA:111,3,0,7
BRDA:111,3,1,0
BRF:8
BRH:4
end_of_record
TN:
SF:src/pages/Form.jsx
FN:8,Form
FN:17,(anonymous_1)
FN:19,(anonymous_2)
FN:25,(anonymous_3)
FN:36,(anonymous_4)
FN:47,(anonymous_5)
FNF:6
FNH:4
FNDA:19,Form
FNDA:3,(anonymous_1)
FNDA:3,(anonymous_2)
FNDA:0,(anonymous_3)
FNDA:0,(anonymous_4)
FNDA:6,(anonymous_5)
DA:9,19
DA:10,19
DA:11,19
DA:15,19
DA:17,19
DA:18,3
DA:19,3
DA:25,19
DA:26,0
DA:27,0
DA:28,0
DA:29,0
DA:30,0
DA:32,0
DA:36,19
DA:37,0
DA:38,0
DA:39,0
DA:40,0
DA:41,0
DA:43,0
DA:47,19
DA:48,6
DA:49,6
DA:52,19
LF:25
LH:13
BRF:0
BRH:0
end_of_record
TN:
SF:src/pages/Main.jsx
FN:14,Main
FN:20,(anonymous_1)
FN:21,(anonymous_2)
FN:34,(anonymous_3)
FNF:4
FNH:3
FNDA:2,Main
FNDA:2,(anonymous_1)
FNDA:2,(anonymous_2)
FNDA:0,(anonymous_3)
DA:15,2
DA:16,2
DA:17,2
DA:18,2
DA:20,2
DA:21,2
DA:22,2
DA:23,0
DA:24,0
DA:25,0
DA:26,0
DA:27,0
DA:29,0
DA:34,2
DA:36,2
LF:15
LH:9
BRDA:25,0,0,0
BRDA:25,0,1,0
BRF:2
BRH:0
end_of_record
TN:
SF:src/tests/RenderWithRouter.jsx
FN:6,(anonymous_0)
FNF:1
FNH:1
FNDA:22,(anonymous_0)
DA:6,6
DA:7,22
DA:8,22
LF:3
LH:3
BRDA:6,0,0,22
BRF:1
BRH:1
end_of_record
TN:
SF:src/tests/jest.config.js
FNF:0
FNH:0
LF:0
LH:0
BRF:0
BRH:0
end_of_record
